[2025-07-20 23:01:32,956] Moved: D:\movies\Harry.Potter.and.the.Chamber.of.Secrets.2002.720p.10Bit.BluRay.Hindi.2.0-English.HEVC.x265-HDHub4u.Tv.mkv \u2192 D:\movies\Videos\Harry.Potter.and.the.Chamber.of.Secrets.2002.720p.10Bit.BluRay.Hindi.2.0-English.HEVC.x265-HDHub4u.Tv.mkv
[2025-07-20 23:01:32,958] Moved: D:\movies\Harry.Potter.and.the.Philosophers.Stone.2001.720p.10Bit.BluRay.Hindi.2.0-English.HEVC.x265-HDHub4u.Tv.mkv \u2192 D:\movies\Videos\Harry.Potter.and.the.Philosophers.Stone.2001.720p.10Bit.BluRay.Hindi.2.0-English.HEVC.x265-HDHub4u.Tv.mkv
[2025-07-20 23:01:32,958] Moved: D:\movies\HIT_The_Third_Case_2025_1080p_HEVC_DS4K_WEB_DL_Hindi_5_1_Telugu_5_1_ESub_x265_HDHub4u_Ms.mkv \u2192 D:\movies\Videos\HIT_The_Third_Case_2025_1080p_HEVC_DS4K_WEB_DL_Hindi_5_1_Telugu_5_1_ESub_x265_HDHub4u_Ms.mkv
[2025-07-20 23:01:32,959] Moved: D:\movies\Raid_2_2025_1080p_Hindi_WEB_DL_5_1_x264_HDHub4u_Ms.mkv \u2192 D:\movies\Videos\Raid_2_2025_1080p_Hindi_WEB_DL_5_1_x264_HDHub4u_Ms.mkv
[2025-07-20 23:01:32,960] Moved: D:\movies\www.9xflix.com - Unh1ng3d 2020 Du2l Aud1o H1nd1 720p BluR2y.mkv \u2192 D:\movies\Videos\www.9xflix.com - Unh1ng3d 2020 Du2l Aud1o H1nd1 720p BluR2y.mkv
[2025-07-20 23:04:56,018] Moved: D:\new_setups\ChromeSetup.exe \u2192 D:\new_setups\Others\ChromeSetup.exe
[2025-07-20 23:04:56,018] Moved: D:\new_setups\GitHubDesktopSetup-x64 (1).exe \u2192 D:\new_setups\Others\GitHubDesktopSetup-x64 (1).exe
[2025-07-20 23:04:56,020] Moved: D:\new_setups\mongosh-2.4.2-win32-x64.zip \u2192 D:\new_setups\Archives\mongosh-2.4.2-win32-x64.zip
[2025-07-20 23:04:56,021] Moved: D:\new_setups\node-v22.14.0-x64.msi \u2192 D:\new_setups\Others\node-v22.14.0-x64.msi
[2025-07-20 23:04:56,022] Moved: D:\new_setups\OBS-Studio-31.0.2-Windows-Installer.exe \u2192 D:\new_setups\Others\OBS-Studio-31.0.2-Windows-Installer.exe
[2025-07-20 23:04:56,022] Moved: D:\new_setups\python-3.13.2-amd64.exe \u2192 D:\new_setups\Others\python-3.13.2-amd64.exe
[2025-07-20 23:04:56,023] Moved: D:\new_setups\vlc-3.0.21-win32.exe \u2192 D:\new_setups\Others\vlc-3.0.21-win32.exe
[2025-07-20 23:04:56,024] Moved: D:\new_setups\VSCodeUserSetup-x64-1.98.2.exe \u2192 D:\new_setups\Others\VSCodeUserSetup-x64-1.98.2.exe
[2025-07-20 23:04:56,025] Moved: D:\new_setups\WhatsApp Installer.exe \u2192 D:\new_setups\Others\WhatsApp Installer.exe
[2025-07-20 23:04:56,026] Moved: D:\new_setups\ZoomInstallerFull.exe \u2192 D:\new_setups\Others\ZoomInstallerFull.exe
[2025-07-26 11:14:25,637] Renamed: 1.png -> IMG_1.png
[2025-07-26 11:14:25,638] Renamed: 2.png -> IMG_2.png
[2025-07-26 11:14:25,640] Renamed: 3.png -> IMG_3.png
[2025-07-26 11:14:25,641] Renamed: 4.png -> IMG_4.png
[2025-07-26 11:14:25,642] Renamed: 5.png -> IMG_5.png
[2025-07-26 11:14:25,643] Renamed: 6.png -> IMG_6.png
[2025-07-26 11:14:25,644] Renamed: desktop.ini -> IMG_7.ini
[2025-07-26 11:14:25,645] Renamed: Screenshot 2025-05-27 132714.png -> IMG_8.png
[2025-07-26 11:14:25,646] Renamed: Screenshot 2025-05-29 185720.png -> IMG_9.png
[2025-07-26 11:14:25,647] Renamed: Screenshot 2025-06-09 173616.png -> IMG_10.png
[2025-07-26 11:14:25,648] Renamed: Screenshot 2025-06-20 030525.png -> IMG_11.png
[2025-07-26 11:14:25,649] Renamed: Screenshot 2025-06-20 031031.png -> IMG_12.png
[2025-07-26 11:14:25,650] Renamed: Screenshot 2025-06-20 031043.png -> IMG_13.png
[2025-07-26 11:14:25,651] Renamed: Screenshot 2025-06-20 031159.png -> IMG_14.png
[2025-07-26 11:14:25,653] Renamed: Screenshot 2025-06-20 135740.png -> IMG_15.png
[2025-07-26 11:14:25,655] Renamed: Screenshot 2025-06-21 030312.png -> IMG_16.png
[2025-07-26 11:14:25,657] Renamed: Screenshot 2025-07-08 211258.png -> IMG_17.png
[2025-07-26 11:14:25,659] Renamed: Screenshot 2025-07-14 171849.png -> IMG_18.png
[2025-07-26 11:14:25,661] Renamed: Screenshot 2025-07-21 111227.png -> IMG_19.png
